<?xml version="1.0" encoding="UTF-8"?>
<!-- Generated by org.testng.reporters.JUnitReportReporter -->
<testsuite hostname="DESKTOP-7DG3UKU" failures="0" tests="2" name="com.appium.tests.MessagesTest" time="14.009" errors="1" timestamp="2026-01-03T09:54:34 IST" skipped="1">
  <testcase classname="com.appium.tests.MessagesTest" name="setup" time="14.009">
    <error message="Could not start a new session. Response code 500. Message: The instrumentation process cannot be initialized. Make sure the application under test does not crash and investigate the logcat output. 
Host info: host: &#039;DESKTOP-7DG3UKU&#039;, ip: &#039;192.168.1.104&#039;
Build info: version: &#039;4.9.1&#039;, revision: &#039;eb2032df7f&#039;
System info: os.name: &#039;Windows 11&#039;, os.arch: &#039;amd64&#039;, os.version: &#039;10.0&#039;, java.version: &#039;23.0.2&#039;
Driver info: io.appium.java_client.android.AndroidDriver
Command: [null, newSession {capabilities=[{appium:appActivity=com.google.android.apps.messaging.ui.ConversationListActivity, appium:appPackage=com.google.android.apps.messaging, appium:automationName=UiAutomator2, appium:deviceName=emulator-5554, platformName=ANDROID}], desiredCapabilities=Capabilities {appActivity: com.google.android.apps.mes..., appPackage: com.google.android.apps.mes..., automationName: UiAutomator2, deviceName: emulator-5554, platformName: ANDROID}}]
Capabilities {appActivity: com.google.android.apps.mes..., appPackage: com.google.android.apps.mes..., automationName: UiAutomator2, deviceName: emulator-5554, platformName: ANDROID}" type="org.openqa.selenium.SessionNotCreatedException">
      <![CDATA[org.openqa.selenium.SessionNotCreatedException: Could not start a new session. Response code 500. Message: The instrumentation process cannot be initialized. Make sure the application under test does not crash and investigate the logcat output. 
Host info: host: 'DESKTOP-7DG3UKU', ip: '192.168.1.104'
Build info: version: '4.9.1', revision: 'eb2032df7f'
System info: os.name: 'Windows 11', os.arch: 'amd64', os.version: '10.0', java.version: '23.0.2'
Driver info: io.appium.java_client.android.AndroidDriver
Command: [null, newSession {capabilities=[{appium:appActivity=com.google.android.apps.messaging.ui.ConversationListActivity, appium:appPackage=com.google.android.apps.messaging, appium:automationName=UiAutomator2, appium:deviceName=emulator-5554, platformName=ANDROID}], desiredCapabilities=Capabilities {appActivity: com.google.android.apps.mes..., appPackage: com.google.android.apps.mes..., automationName: UiAutomator2, deviceName: emulator-5554, platformName: ANDROID}}]
Capabilities {appActivity: com.google.android.apps.mes..., appPackage: com.google.android.apps.mes..., automationName: UiAutomator2, deviceName: emulator-5554, platformName: ANDROID}
at org.openqa.selenium.remote.ProtocolHandshake.createSession(ProtocolHandshake.java:136)
at java.base/jdk.internal.reflect.DirectMethodHandleAccessor.invoke(DirectMethodHandleAccessor.java:103)
at java.base/java.lang.reflect.Method.invoke(Method.java:580)
at io.appium.java_client.remote.AppiumProtocolHandshake.createSession(AppiumProtocolHandshake.java:133)
at io.appium.java_client.remote.AppiumProtocolHandshake.createSession(AppiumProtocolHandshake.java:102)
at io.appium.java_client.remote.AppiumCommandExecutor.createSession(AppiumCommandExecutor.java:182)
at io.appium.java_client.remote.AppiumCommandExecutor.execute(AppiumCommandExecutor.java:250)
at org.openqa.selenium.remote.RemoteWebDriver.execute(RemoteWebDriver.java:543)
at io.appium.java_client.AppiumDriver.startSession(AppiumDriver.java:274)
at org.openqa.selenium.remote.RemoteWebDriver.<init>(RemoteWebDriver.java:157)
at io.appium.java_client.AppiumDriver.<init>(AppiumDriver.java:89)
at io.appium.java_client.AppiumDriver.<init>(AppiumDriver.java:101)
at io.appium.java_client.android.AndroidDriver.<init>(AndroidDriver.java:113)
at com.appium.tests.MessagesTest.setup(MessagesTest.java:32)
at java.base/jdk.internal.reflect.DirectMethodHandleAccessor.invoke(DirectMethodHandleAccessor.java:103)
at java.base/java.lang.reflect.Method.invoke(Method.java:580)
at org.testng.internal.invokers.MethodInvocationHelper.invokeMethod(MethodInvocationHelper.java:141)
at org.testng.internal.invokers.MethodInvocationHelper.invokeMethodConsideringTimeout(MethodInvocationHelper.java:71)
at org.testng.internal.invokers.ConfigInvoker.invokeConfigurationMethod(ConfigInvoker.java:400)
at org.testng.internal.invokers.ConfigInvoker.invokeConfigurations(ConfigInvoker.java:333)
at org.testng.internal.invokers.TestMethodWorker.invokeBeforeClassMethods(TestMethodWorker.java:188)
at org.testng.internal.invokers.TestMethodWorker.run(TestMethodWorker.java:128)
at java.base/java.util.concurrent.Executors$RunnableAdapter.call(Executors.java:572)
at java.base/java.util.concurrent.FutureTask.run(FutureTask.java:317)
at org.testng.internal.thread.graph.TestNGFutureTask.run(TestNGFutureTask.java:22)
at java.base/java.util.concurrent.ThreadPoolExecutor.runWorker(ThreadPoolExecutor.java:1144)
at java.base/java.util.concurrent.ThreadPoolExecutor$Worker.run(ThreadPoolExecutor.java:642)
at java.base/java.lang.Thread.run(Thread.java:1575)
]]>
    </error>
  </testcase> <!-- setup -->
  <testcase classname="com.appium.tests.MessagesTest" name="sendSMS" time="0.000">
    <skipped/>
  </testcase> <!-- sendSMS -->
</testsuite> <!-- com.appium.tests.MessagesTest -->
